<?xml version="1.0" encoding="UTF-8"?>
<!-- Generated by org.testng.reporters.JUnitReportReporter -->
<testsuite hostname="LGVN12046-OS2" failures="0" tests="1" name="Dashboard.TestCases" time="14.356" errors="0" timestamp="08 Feb 2018 02:40:52 GMT" skipped="0">
  <testcase classname="Dashboard.TestCases" name="DA_LOGIN_TC010" time="14.356"/>
</testsuite> <!-- Dashboard.TestCases -->
