<?xml version="1.0" encoding="UTF-8"?>
<!-- Generated by org.testng.reporters.JUnitReportReporter -->
<testsuite hostname="lgvn14368-w7" failures="0" tests="1" name="Dashboard.DA_CEA_NP" time="13.301" errors="0" timestamp="13 Feb 2018 08:19:29 GMT" skipped="0">
  <testcase classname="Dashboard.DA_CEA_NP" name="DAMPTC016" time="13.301"/>
</testsuite> <!-- Dashboard.DA_CEA_NP -->
