<?xml version="1.0" encoding="UTF-8"?>
<!-- Generated by org.testng.reporters.JUnitReportReporter -->
<testsuite hostname="LGVN12046-OS2" failures="0" tests="1" name="Dashboard.TestCases" time="7.728" errors="0" timestamp="07 Feb 2018 08:55:30 GMT" skipped="0">
  <testcase classname="Dashboard.TestCases" name="DA_LOGIN_TC002" time="7.728"/>
</testsuite> <!-- Dashboard.TestCases -->
