<?xml version="1.0" encoding="UTF-8"?>
<!-- Generated by org.testng.reporters.JUnitReportReporter -->
<testsuite hostname="lgvn14368-w7" failures="0" tests="1" name="Dashboard.DA_CEA_NP" time="12.890" errors="0" timestamp="13 Feb 2018 04:03:58 GMT" skipped="0">
  <testcase classname="Dashboard.DA_CEA_NP" name="DAMPTC016" time="12.890"/>
</testsuite> <!-- Dashboard.DA_CEA_NP -->
