<?xml version="1.0" encoding="UTF-8"?>
<!-- Generated by org.testng.reporters.JUnitReportReporter -->
<testsuite hostname="LGVN12046-OS2" failures="0" tests="1" name="Dashboard.TestCases" time="10.548" errors="0" timestamp="07 Feb 2018 03:10:52 GMT" skipped="0">
  <testcase classname="Dashboard.TestCases" name="TC01" time="10.548"/>
</testsuite> <!-- Dashboard.TestCases -->
