<?xml version="1.0" encoding="UTF-8"?>
<!-- Generated by org.testng.reporters.JUnitReportReporter -->
<testsuite hostname="LGVN12046-OS2" failures="0" tests="1" name="Dashboard.TestCases" time="16.137" errors="0" timestamp="07 Feb 2018 10:04:47 GMT" skipped="0">
  <testcase classname="Dashboard.TestCases" name="DA_LOGIN_TC009" time="16.137"/>
</testsuite> <!-- Dashboard.TestCases -->
