<?xml version="1.0" encoding="UTF-8"?>
<!-- Generated by org.testng.reporters.JUnitReportReporter -->
<testsuite hostname="lgvn14368-w7" failures="0" tests="1" name="Dashboard.DA_CEA_NP" time="10.335" errors="0" timestamp="12 Feb 2018 02:43:23 GMT" skipped="0">
  <testcase classname="Dashboard.DA_CEA_NP" name="DA_LOGIN_TC015" time="10.335"/>
</testsuite> <!-- Dashboard.DA_CEA_NP -->
